This file contains any messages produced by compilers while
running configure, to aid debugging if configure makes a mistake.

It was created by apue configure 1.0, which was
generated by GNU Autoconf 2.68.  Invocation command line was

  $ ./configure 

## --------- ##
## Platform. ##
## --------- ##

hostname = localhost.localdomain
uname -m = x86_64
uname -r = 3.2.10-3.fc16.x86_64
uname -s = Linux
uname -v = #1 SMP Thu Mar 15 19:39:46 UTC 2012

/usr/bin/uname -p = unknown
/bin/uname -X     = unknown

/bin/arch              = x86_64
/usr/bin/arch -k       = unknown
/usr/convex/getsysinfo = unknown
/usr/bin/hostinfo      = unknown
/bin/machine           = unknown
/usr/bin/oslevel       = unknown
/bin/universe          = unknown

PATH: /usr/local/bin
PATH: /usr/bin
PATH: /bin
PATH: /usr/local/sbin
PATH: /usr/sbin
PATH: /sbin
PATH: /home/matt6809/.local/bin
PATH: /home/matt6809/bin


## ----------- ##
## Core tests. ##
## ----------- ##

configure:2276: checking for a BSD-compatible install
configure:2344: result: /usr/bin/install -c
configure:2355: checking whether build environment is sane
configure:2405: result: yes
configure:2546: checking for a thread-safe mkdir -p
configure:2585: result: /bin/mkdir -p
configure:2598: checking for gawk
configure:2614: found /usr/bin/gawk
configure:2625: result: gawk
configure:2636: checking whether make sets $(MAKE)
configure:2658: result: yes
configure:2767: checking build system type
configure:2781: result: x86_64-unknown-linux-gnu
configure:2801: checking host system type
configure:2814: result: x86_64-unknown-linux-gnu
configure:2855: checking how to print strings
configure:2882: result: printf
configure:2915: checking for style of include used by make
configure:2943: result: GNU
configure:3013: checking for gcc
configure:3029: found /usr/bin/gcc
configure:3040: result: gcc
configure:3269: checking for C compiler version
configure:3278: gcc --version >&5
gcc (GCC) 4.6.3 20120306 (Red Hat 4.6.3-2)
Copyright (C) 2011 Free Software Foundation, Inc.
This is free software; see the source for copying conditions.  There is NO
warranty; not even for MERCHANTABILITY or FITNESS FOR A PARTICULAR PURPOSE.

configure:3289: $? = 0
configure:3278: gcc -v >&5
Using built-in specs.
COLLECT_GCC=gcc
COLLECT_LTO_WRAPPER=/usr/libexec/gcc/x86_64-redhat-linux/4.6.3/lto-wrapper
Target: x86_64-redhat-linux
Configured with: ../configure --prefix=/usr --mandir=/usr/share/man --infodir=/usr/share/info --with-bugurl=http://bugzilla.redhat.com/bugzilla --enable-bootstrap --enable-shared --enable-threads=posix --enable-checking=release --with-system-zlib --enable-__cxa_atexit --disable-libunwind-exceptions --enable-gnu-unique-object --enable-linker-build-id --enable-languages=c,c++,objc,obj-c++,java,fortran,ada,go,lto --enable-plugin --enable-java-awt=gtk --disable-dssi --with-java-home=/usr/lib/jvm/java-1.5.0-gcj-1.5.0.0/jre --enable-libgcj-multifile --enable-java-maintainer-mode --with-ecj-jar=/usr/share/java/eclipse-ecj.jar --disable-libjava-multilib --with-ppl --with-cloog --with-tune=generic --with-arch_32=i686 --build=x86_64-redhat-linux
Thread model: posix
gcc version 4.6.3 20120306 (Red Hat 4.6.3-2) (GCC) 
configure:3289: $? = 0
configure:3278: gcc -V >&5
gcc: error: unrecognized option '-V'
gcc: fatal error: no input files
compilation terminated.
configure:3289: $? = 4
configure:3278: gcc -qversion >&5
gcc: error: unrecognized option '-qversion'
gcc: fatal error: no input files
compilation terminated.
configure:3289: $? = 4
configure:3309: checking whether the C compiler works
configure:3331: gcc    conftest.c  >&5
configure:3335: $? = 0
configure:3383: result: yes
configure:3386: checking for C compiler default output file name
configure:3388: result: a.out
configure:3394: checking for suffix of executables
configure:3401: gcc -o conftest    conftest.c  >&5
configure:3405: $? = 0
configure:3427: result: 
configure:3449: checking whether we are cross compiling
configure:3457: gcc -o conftest    conftest.c  >&5
configure:3461: $? = 0
configure:3468: ./conftest
configure:3472: $? = 0
configure:3487: result: no
configure:3492: checking for suffix of object files
configure:3514: gcc -c   conftest.c >&5
configure:3518: $? = 0
configure:3539: result: o
configure:3543: checking whether we are using the GNU C compiler
configure:3562: gcc -c   conftest.c >&5
configure:3562: $? = 0
configure:3571: result: yes
configure:3580: checking whether gcc accepts -g
configure:3600: gcc -c -g  conftest.c >&5
configure:3600: $? = 0
configure:3641: result: yes
configure:3658: checking for gcc option to accept ISO C89
configure:3722: gcc  -c -g -O2  conftest.c >&5
configure:3722: $? = 0
configure:3735: result: none needed
configure:3757: checking dependency style of gcc
configure:3867: result: gcc3
configure:3882: checking for a sed that does not truncate output
configure:3946: result: /bin/sed
configure:3964: checking for grep that handles long lines and -e
configure:4022: result: /bin/grep
configure:4027: checking for egrep
configure:4089: result: /bin/grep -E
configure:4094: checking for fgrep
configure:4156: result: /bin/grep -F
configure:4191: checking for ld used by gcc
configure:4258: result: /usr/bin/ld
configure:4265: checking if the linker (/usr/bin/ld) is GNU ld
configure:4280: result: yes
configure:4292: checking for BSD- or MS-compatible name lister (nm)
configure:4341: result: /usr/bin/nm -B
configure:4471: checking the name lister (/usr/bin/nm -B) interface
configure:4478: gcc -c -g -O2  conftest.c >&5
configure:4481: /usr/bin/nm -B "conftest.o"
configure:4484: output
0000000000000000 B some_variable
configure:4491: result: BSD nm
configure:4494: checking whether ln -s works
configure:4498: result: yes
configure:4506: checking the maximum length of command line arguments
configure:4631: result: 1572864
configure:4648: checking whether the shell understands some XSI constructs
configure:4658: result: yes
configure:4662: checking whether the shell understands "+="
configure:4668: result: yes
configure:4703: checking how to convert x86_64-unknown-linux-gnu file names to x86_64-unknown-linux-gnu format
configure:4743: result: func_convert_file_noop
configure:4750: checking how to convert x86_64-unknown-linux-gnu file names to toolchain format
configure:4770: result: func_convert_file_noop
configure:4777: checking for /usr/bin/ld option to reload object files
configure:4784: result: -r
configure:4858: checking for objdump
configure:4874: found /usr/bin/objdump
configure:4885: result: objdump
configure:4917: checking how to recognize dependent libraries
configure:5119: result: pass_all
configure:5204: checking for dlltool
configure:5234: result: no
configure:5264: checking how to associate runtime and link libraries
configure:5291: result: printf %s\n
configure:5352: checking for ar
configure:5368: found /usr/bin/ar
configure:5379: result: ar
configure:5416: checking for archiver @FILE support
configure:5433: gcc -c -g -O2  conftest.c >&5
configure:5433: $? = 0
configure:5436: ar cru libconftest.a @conftest.lst >&5
configure:5439: $? = 0
configure:5444: ar cru libconftest.a @conftest.lst >&5
ar: conftest.o: No such file or directory
configure:5447: $? = 1
configure:5459: result: @
configure:5517: checking for strip
configure:5533: found /usr/bin/strip
configure:5544: result: strip
configure:5616: checking for ranlib
configure:5632: found /usr/bin/ranlib
configure:5643: result: ranlib
configure:5745: checking command to parse /usr/bin/nm -B output from gcc object
configure:5864: gcc -c -g -O2  conftest.c >&5
configure:5867: $? = 0
configure:5871: /usr/bin/nm -B conftest.o \| sed -n -e 's/^.*[ ]\([ABCDGIRSTW][ABCDGIRSTW]*\)[ ][ ]*\([_A-Za-z][_A-Za-z0-9]*\)$/\1 \2 \2/p' | sed '/ __gnu_lto/d' \> conftest.nm
configure:5874: $? = 0
configure:5940: gcc -o conftest -g -O2   conftest.c conftstm.o >&5
configure:5943: $? = 0
configure:5981: result: ok
configure:6018: checking for sysroot
configure:6048: result: no
configure:6125: gcc -c -g -O2  conftest.c >&5
configure:6128: $? = 0
configure:6291: checking for mt
configure:6321: result: no
configure:6341: checking if : is a manifest tool
configure:6347: : '-?'
configure:6355: result: no
configure:6987: checking how to run the C preprocessor
configure:7018: gcc -E  conftest.c
configure:7018: $? = 0
configure:7032: gcc -E  conftest.c
conftest.c:11:28: fatal error: ac_nonexistent.h: No such file or directory
compilation terminated.
configure:7032: $? = 1
configure: failed program was:
| /* confdefs.h */
| #define PACKAGE_NAME "apue"
| #define PACKAGE_TARNAME "apue"
| #define PACKAGE_VERSION "1.0"
| #define PACKAGE_STRING "apue 1.0"
| #define PACKAGE_BUGREPORT "MHoggan@esri.com"
| #define PACKAGE_URL ""
| #define PACKAGE "apue"
| #define VERSION "1.0"
| /* end confdefs.h.  */
| #include <ac_nonexistent.h>
configure:7057: result: gcc -E
configure:7077: gcc -E  conftest.c
configure:7077: $? = 0
configure:7091: gcc -E  conftest.c
conftest.c:11:28: fatal error: ac_nonexistent.h: No such file or directory
compilation terminated.
configure:7091: $? = 1
configure: failed program was:
| /* confdefs.h */
| #define PACKAGE_NAME "apue"
| #define PACKAGE_TARNAME "apue"
| #define PACKAGE_VERSION "1.0"
| #define PACKAGE_STRING "apue 1.0"
| #define PACKAGE_BUGREPORT "MHoggan@esri.com"
| #define PACKAGE_URL ""
| #define PACKAGE "apue"
| #define VERSION "1.0"
| /* end confdefs.h.  */
| #include <ac_nonexistent.h>
configure:7120: checking for ANSI C header files
configure:7140: gcc -c -g -O2  conftest.c >&5
configure:7140: $? = 0
configure:7213: gcc -o conftest -g -O2   conftest.c  >&5
configure:7213: $? = 0
configure:7213: ./conftest
configure:7213: $? = 0
configure:7224: result: yes
configure:7237: checking for sys/types.h
configure:7237: gcc -c -g -O2  conftest.c >&5
configure:7237: $? = 0
configure:7237: result: yes
configure:7237: checking for sys/stat.h
configure:7237: gcc -c -g -O2  conftest.c >&5
configure:7237: $? = 0
configure:7237: result: yes
configure:7237: checking for stdlib.h
configure:7237: gcc -c -g -O2  conftest.c >&5
configure:7237: $? = 0
configure:7237: result: yes
configure:7237: checking for string.h
configure:7237: gcc -c -g -O2  conftest.c >&5
configure:7237: $? = 0
configure:7237: result: yes
configure:7237: checking for memory.h
configure:7237: gcc -c -g -O2  conftest.c >&5
configure:7237: $? = 0
configure:7237: result: yes
configure:7237: checking for strings.h
configure:7237: gcc -c -g -O2  conftest.c >&5
configure:7237: $? = 0
configure:7237: result: yes
configure:7237: checking for inttypes.h
configure:7237: gcc -c -g -O2  conftest.c >&5
configure:7237: $? = 0
configure:7237: result: yes
configure:7237: checking for stdint.h
configure:7237: gcc -c -g -O2  conftest.c >&5
configure:7237: $? = 0
configure:7237: result: yes
configure:7237: checking for unistd.h
configure:7237: gcc -c -g -O2  conftest.c >&5
configure:7237: $? = 0
configure:7237: result: yes
configure:7251: checking for dlfcn.h
configure:7251: gcc -c -g -O2  conftest.c >&5
configure:7251: $? = 0
configure:7251: result: yes
configure:7438: checking for objdir
configure:7453: result: .libs
configure:7720: checking if gcc supports -fno-rtti -fno-exceptions
configure:7738: gcc -c -g -O2  -fno-rtti -fno-exceptions conftest.c >&5
cc1: warning: command line option '-fno-rtti' is valid for C++/ObjC++ but not for C [enabled by default]
configure:7742: $? = 0
configure:7755: result: no
configure:8065: checking for gcc option to produce PIC
configure:8072: result: -fPIC -DPIC
configure:8080: checking if gcc PIC flag -fPIC -DPIC works
configure:8098: gcc -c -g -O2  -fPIC -DPIC -DPIC conftest.c >&5
configure:8102: $? = 0
configure:8115: result: yes
configure:8144: checking if gcc static flag -static works
configure:8172: result: no
configure:8187: checking if gcc supports -c -o file.o
configure:8208: gcc -c -g -O2  -o out/conftest2.o conftest.c >&5
configure:8212: $? = 0
configure:8234: result: yes
configure:8242: checking if gcc supports -c -o file.o
configure:8289: result: yes
configure:8322: checking whether the gcc linker (/usr/bin/ld -m elf_x86_64) supports shared libraries
configure:9480: result: yes
configure:9517: checking whether -lc should be explicitly linked in
configure:9525: gcc -c -g -O2  conftest.c >&5
configure:9528: $? = 0
configure:9543: gcc -shared  -fPIC -DPIC conftest.o  -v -Wl,-soname -Wl,conftest -o conftest 2\>\&1 \| /bin/grep  -lc  \>/dev/null 2\>\&1
configure:9546: $? = 0
configure:9560: result: no
configure:9725: checking dynamic linker characteristics
configure:10239: gcc -o conftest -g -O2   -Wl,-rpath -Wl,/foo conftest.c  >&5
configure:10239: $? = 0
configure:10465: result: GNU/Linux ld.so
configure:10572: checking how to hardcode library paths into programs
configure:10597: result: immediate
configure:11137: checking whether stripping libraries is possible
configure:11142: result: yes
configure:11177: checking if libtool supports shared libraries
configure:11179: result: yes
configure:11182: checking whether to build shared libraries
configure:11203: result: yes
configure:11206: checking whether to build static libraries
configure:11210: result: yes
configure:11313: checking for gawk
configure:11340: result: gawk
configure:11399: checking for gcc
configure:11426: result: gcc
configure:11655: checking for C compiler version
configure:11664: gcc --version >&5
gcc (GCC) 4.6.3 20120306 (Red Hat 4.6.3-2)
Copyright (C) 2011 Free Software Foundation, Inc.
This is free software; see the source for copying conditions.  There is NO
warranty; not even for MERCHANTABILITY or FITNESS FOR A PARTICULAR PURPOSE.

configure:11675: $? = 0
configure:11664: gcc -v >&5
Using built-in specs.
COLLECT_GCC=gcc
COLLECT_LTO_WRAPPER=/usr/libexec/gcc/x86_64-redhat-linux/4.6.3/lto-wrapper
Target: x86_64-redhat-linux
Configured with: ../configure --prefix=/usr --mandir=/usr/share/man --infodir=/usr/share/info --with-bugurl=http://bugzilla.redhat.com/bugzilla --enable-bootstrap --enable-shared --enable-threads=posix --enable-checking=release --with-system-zlib --enable-__cxa_atexit --disable-libunwind-exceptions --enable-gnu-unique-object --enable-linker-build-id --enable-languages=c,c++,objc,obj-c++,java,fortran,ada,go,lto --enable-plugin --enable-java-awt=gtk --disable-dssi --with-java-home=/usr/lib/jvm/java-1.5.0-gcj-1.5.0.0/jre --enable-libgcj-multifile --enable-java-maintainer-mode --with-ecj-jar=/usr/share/java/eclipse-ecj.jar --disable-libjava-multilib --with-ppl --with-cloog --with-tune=generic --with-arch_32=i686 --build=x86_64-redhat-linux
Thread model: posix
gcc version 4.6.3 20120306 (Red Hat 4.6.3-2) (GCC) 
configure:11675: $? = 0
configure:11664: gcc -V >&5
gcc: error: unrecognized option '-V'
gcc: fatal error: no input files
compilation terminated.
configure:11675: $? = 4
configure:11664: gcc -qversion >&5
gcc: error: unrecognized option '-qversion'
gcc: fatal error: no input files
compilation terminated.
configure:11675: $? = 4
configure:11679: checking whether we are using the GNU C compiler
configure:11707: result: yes
configure:11716: checking whether gcc accepts -g
configure:11777: result: yes
configure:11794: checking for gcc option to accept ISO C89
configure:11871: result: none needed
configure:11893: checking dependency style of gcc
configure:12003: result: gcc3
configure:12025: checking fcntl.h usability
configure:12025: gcc -c -g -O2  conftest.c >&5
configure:12025: $? = 0
configure:12025: result: yes
configure:12025: checking fcntl.h presence
configure:12025: gcc -E  conftest.c
configure:12025: $? = 0
configure:12025: result: yes
configure:12025: checking for fcntl.h
configure:12025: result: yes
configure:12025: checking limits.h usability
configure:12025: gcc -c -g -O2  conftest.c >&5
configure:12025: $? = 0
configure:12025: result: yes
configure:12025: checking limits.h presence
configure:12025: gcc -E  conftest.c
configure:12025: $? = 0
configure:12025: result: yes
configure:12025: checking for limits.h
configure:12025: result: yes
configure:12025: checking stddef.h usability
configure:12025: gcc -c -g -O2  conftest.c >&5
configure:12025: $? = 0
configure:12025: result: yes
configure:12025: checking stddef.h presence
configure:12025: gcc -E  conftest.c
configure:12025: $? = 0
configure:12025: result: yes
configure:12025: checking for stddef.h
configure:12025: result: yes
configure:12025: checking for stdlib.h
configure:12025: result: yes
configure:12025: checking for string.h
configure:12025: result: yes
configure:12025: checking sys/ioctl.h usability
configure:12025: gcc -c -g -O2  conftest.c >&5
configure:12025: $? = 0
configure:12025: result: yes
configure:12025: checking sys/ioctl.h presence
configure:12025: gcc -E  conftest.c
configure:12025: $? = 0
configure:12025: result: yes
configure:12025: checking for sys/ioctl.h
configure:12025: result: yes
configure:12025: checking syslog.h usability
configure:12025: gcc -c -g -O2  conftest.c >&5
configure:12025: $? = 0
configure:12025: result: yes
configure:12025: checking syslog.h presence
configure:12025: gcc -E  conftest.c
configure:12025: $? = 0
configure:12025: result: yes
configure:12025: checking for syslog.h
configure:12025: result: yes
configure:12025: checking for unistd.h
configure:12025: result: yes
configure:12037: checking for off_t
configure:12037: gcc -c -g -O2  conftest.c >&5
configure:12037: $? = 0
configure:12037: gcc -c -g -O2  conftest.c >&5
conftest.c: In function 'main':
conftest.c:67:20: error: expected expression before ')' token
configure:12037: $? = 1
configure: failed program was:
| /* confdefs.h */
| #define PACKAGE_NAME "apue"
| #define PACKAGE_TARNAME "apue"
| #define PACKAGE_VERSION "1.0"
| #define PACKAGE_STRING "apue 1.0"
| #define PACKAGE_BUGREPORT "MHoggan@esri.com"
| #define PACKAGE_URL ""
| #define PACKAGE "apue"
| #define VERSION "1.0"
| #define STDC_HEADERS 1
| #define HAVE_SYS_TYPES_H 1
| #define HAVE_SYS_STAT_H 1
| #define HAVE_STDLIB_H 1
| #define HAVE_STRING_H 1
| #define HAVE_MEMORY_H 1
| #define HAVE_STRINGS_H 1
| #define HAVE_INTTYPES_H 1
| #define HAVE_STDINT_H 1
| #define HAVE_UNISTD_H 1
| #define HAVE_DLFCN_H 1
| #define LT_OBJDIR ".libs/"
| #define HAVE_FCNTL_H 1
| #define HAVE_LIMITS_H 1
| #define HAVE_STDDEF_H 1
| #define HAVE_STDLIB_H 1
| #define HAVE_STRING_H 1
| #define HAVE_SYS_IOCTL_H 1
| #define HAVE_SYSLOG_H 1
| #define HAVE_UNISTD_H 1
| /* end confdefs.h.  */
| #include <stdio.h>
| #ifdef HAVE_SYS_TYPES_H
| # include <sys/types.h>
| #endif
| #ifdef HAVE_SYS_STAT_H
| # include <sys/stat.h>
| #endif
| #ifdef STDC_HEADERS
| # include <stdlib.h>
| # include <stddef.h>
| #else
| # ifdef HAVE_STDLIB_H
| #  include <stdlib.h>
| # endif
| #endif
| #ifdef HAVE_STRING_H
| # if !defined STDC_HEADERS && defined HAVE_MEMORY_H
| #  include <memory.h>
| # endif
| # include <string.h>
| #endif
| #ifdef HAVE_STRINGS_H
| # include <strings.h>
| #endif
| #ifdef HAVE_INTTYPES_H
| # include <inttypes.h>
| #endif
| #ifdef HAVE_STDINT_H
| # include <stdint.h>
| #endif
| #ifdef HAVE_UNISTD_H
| # include <unistd.h>
| #endif
| int
| main ()
| {
| if (sizeof ((off_t)))
| 	    return 0;
|   ;
|   return 0;
| }
configure:12037: result: yes
configure:12048: checking for pid_t
configure:12048: gcc -c -g -O2  conftest.c >&5
configure:12048: $? = 0
configure:12048: gcc -c -g -O2  conftest.c >&5
conftest.c: In function 'main':
conftest.c:67:20: error: expected expression before ')' token
configure:12048: $? = 1
configure: failed program was:
| /* confdefs.h */
| #define PACKAGE_NAME "apue"
| #define PACKAGE_TARNAME "apue"
| #define PACKAGE_VERSION "1.0"
| #define PACKAGE_STRING "apue 1.0"
| #define PACKAGE_BUGREPORT "MHoggan@esri.com"
| #define PACKAGE_URL ""
| #define PACKAGE "apue"
| #define VERSION "1.0"
| #define STDC_HEADERS 1
| #define HAVE_SYS_TYPES_H 1
| #define HAVE_SYS_STAT_H 1
| #define HAVE_STDLIB_H 1
| #define HAVE_STRING_H 1
| #define HAVE_MEMORY_H 1
| #define HAVE_STRINGS_H 1
| #define HAVE_INTTYPES_H 1
| #define HAVE_STDINT_H 1
| #define HAVE_UNISTD_H 1
| #define HAVE_DLFCN_H 1
| #define LT_OBJDIR ".libs/"
| #define HAVE_FCNTL_H 1
| #define HAVE_LIMITS_H 1
| #define HAVE_STDDEF_H 1
| #define HAVE_STDLIB_H 1
| #define HAVE_STRING_H 1
| #define HAVE_SYS_IOCTL_H 1
| #define HAVE_SYSLOG_H 1
| #define HAVE_UNISTD_H 1
| /* end confdefs.h.  */
| #include <stdio.h>
| #ifdef HAVE_SYS_TYPES_H
| # include <sys/types.h>
| #endif
| #ifdef HAVE_SYS_STAT_H
| # include <sys/stat.h>
| #endif
| #ifdef STDC_HEADERS
| # include <stdlib.h>
| # include <stddef.h>
| #else
| # ifdef HAVE_STDLIB_H
| #  include <stdlib.h>
| # endif
| #endif
| #ifdef HAVE_STRING_H
| # if !defined STDC_HEADERS && defined HAVE_MEMORY_H
| #  include <memory.h>
| # endif
| # include <string.h>
| #endif
| #ifdef HAVE_STRINGS_H
| # include <strings.h>
| #endif
| #ifdef HAVE_INTTYPES_H
| # include <inttypes.h>
| #endif
| #ifdef HAVE_STDINT_H
| # include <stdint.h>
| #endif
| #ifdef HAVE_UNISTD_H
| # include <unistd.h>
| #endif
| int
| main ()
| {
| if (sizeof ((pid_t)))
| 	    return 0;
|   ;
|   return 0;
| }
configure:12048: result: yes
configure:12059: checking for size_t
configure:12059: gcc -c -g -O2  conftest.c >&5
configure:12059: $? = 0
configure:12059: gcc -c -g -O2  conftest.c >&5
conftest.c: In function 'main':
conftest.c:67:21: error: expected expression before ')' token
configure:12059: $? = 1
configure: failed program was:
| /* confdefs.h */
| #define PACKAGE_NAME "apue"
| #define PACKAGE_TARNAME "apue"
| #define PACKAGE_VERSION "1.0"
| #define PACKAGE_STRING "apue 1.0"
| #define PACKAGE_BUGREPORT "MHoggan@esri.com"
| #define PACKAGE_URL ""
| #define PACKAGE "apue"
| #define VERSION "1.0"
| #define STDC_HEADERS 1
| #define HAVE_SYS_TYPES_H 1
| #define HAVE_SYS_STAT_H 1
| #define HAVE_STDLIB_H 1
| #define HAVE_STRING_H 1
| #define HAVE_MEMORY_H 1
| #define HAVE_STRINGS_H 1
| #define HAVE_INTTYPES_H 1
| #define HAVE_STDINT_H 1
| #define HAVE_UNISTD_H 1
| #define HAVE_DLFCN_H 1
| #define LT_OBJDIR ".libs/"
| #define HAVE_FCNTL_H 1
| #define HAVE_LIMITS_H 1
| #define HAVE_STDDEF_H 1
| #define HAVE_STDLIB_H 1
| #define HAVE_STRING_H 1
| #define HAVE_SYS_IOCTL_H 1
| #define HAVE_SYSLOG_H 1
| #define HAVE_UNISTD_H 1
| /* end confdefs.h.  */
| #include <stdio.h>
| #ifdef HAVE_SYS_TYPES_H
| # include <sys/types.h>
| #endif
| #ifdef HAVE_SYS_STAT_H
| # include <sys/stat.h>
| #endif
| #ifdef STDC_HEADERS
| # include <stdlib.h>
| # include <stddef.h>
| #else
| # ifdef HAVE_STDLIB_H
| #  include <stdlib.h>
| # endif
| #endif
| #ifdef HAVE_STRING_H
| # if !defined STDC_HEADERS && defined HAVE_MEMORY_H
| #  include <memory.h>
| # endif
| # include <string.h>
| #endif
| #ifdef HAVE_STRINGS_H
| # include <strings.h>
| #endif
| #ifdef HAVE_INTTYPES_H
| # include <inttypes.h>
| #endif
| #ifdef HAVE_STDINT_H
| # include <stdint.h>
| #endif
| #ifdef HAVE_UNISTD_H
| # include <unistd.h>
| #endif
| int
| main ()
| {
| if (sizeof ((size_t)))
| 	    return 0;
|   ;
|   return 0;
| }
configure:12059: result: yes
configure:12070: checking for ssize_t
configure:12070: gcc -c -g -O2  conftest.c >&5
configure:12070: $? = 0
configure:12070: gcc -c -g -O2  conftest.c >&5
conftest.c: In function 'main':
conftest.c:67:22: error: expected expression before ')' token
configure:12070: $? = 1
configure: failed program was:
| /* confdefs.h */
| #define PACKAGE_NAME "apue"
| #define PACKAGE_TARNAME "apue"
| #define PACKAGE_VERSION "1.0"
| #define PACKAGE_STRING "apue 1.0"
| #define PACKAGE_BUGREPORT "MHoggan@esri.com"
| #define PACKAGE_URL ""
| #define PACKAGE "apue"
| #define VERSION "1.0"
| #define STDC_HEADERS 1
| #define HAVE_SYS_TYPES_H 1
| #define HAVE_SYS_STAT_H 1
| #define HAVE_STDLIB_H 1
| #define HAVE_STRING_H 1
| #define HAVE_MEMORY_H 1
| #define HAVE_STRINGS_H 1
| #define HAVE_INTTYPES_H 1
| #define HAVE_STDINT_H 1
| #define HAVE_UNISTD_H 1
| #define HAVE_DLFCN_H 1
| #define LT_OBJDIR ".libs/"
| #define HAVE_FCNTL_H 1
| #define HAVE_LIMITS_H 1
| #define HAVE_STDDEF_H 1
| #define HAVE_STDLIB_H 1
| #define HAVE_STRING_H 1
| #define HAVE_SYS_IOCTL_H 1
| #define HAVE_SYSLOG_H 1
| #define HAVE_UNISTD_H 1
| /* end confdefs.h.  */
| #include <stdio.h>
| #ifdef HAVE_SYS_TYPES_H
| # include <sys/types.h>
| #endif
| #ifdef HAVE_SYS_STAT_H
| # include <sys/stat.h>
| #endif
| #ifdef STDC_HEADERS
| # include <stdlib.h>
| # include <stddef.h>
| #else
| # ifdef HAVE_STDLIB_H
| #  include <stdlib.h>
| # endif
| #endif
| #ifdef HAVE_STRING_H
| # if !defined STDC_HEADERS && defined HAVE_MEMORY_H
| #  include <memory.h>
| # endif
| # include <string.h>
| #endif
| #ifdef HAVE_STRINGS_H
| # include <strings.h>
| #endif
| #ifdef HAVE_INTTYPES_H
| # include <inttypes.h>
| #endif
| #ifdef HAVE_STDINT_H
| # include <stdint.h>
| #endif
| #ifdef HAVE_UNISTD_H
| # include <unistd.h>
| #endif
| int
| main ()
| {
| if (sizeof ((ssize_t)))
| 	    return 0;
|   ;
|   return 0;
| }
configure:12070: result: yes
configure:12081: checking for uid_t in sys/types.h
configure:12100: result: yes
configure:12115: checking vfork.h usability
configure:12115: gcc -c -g -O2  conftest.c >&5
conftest.c:64:19: fatal error: vfork.h: No such file or directory
compilation terminated.
configure:12115: $? = 1
configure: failed program was:
| /* confdefs.h */
| #define PACKAGE_NAME "apue"
| #define PACKAGE_TARNAME "apue"
| #define PACKAGE_VERSION "1.0"
| #define PACKAGE_STRING "apue 1.0"
| #define PACKAGE_BUGREPORT "MHoggan@esri.com"
| #define PACKAGE_URL ""
| #define PACKAGE "apue"
| #define VERSION "1.0"
| #define STDC_HEADERS 1
| #define HAVE_SYS_TYPES_H 1
| #define HAVE_SYS_STAT_H 1
| #define HAVE_STDLIB_H 1
| #define HAVE_STRING_H 1
| #define HAVE_MEMORY_H 1
| #define HAVE_STRINGS_H 1
| #define HAVE_INTTYPES_H 1
| #define HAVE_STDINT_H 1
| #define HAVE_UNISTD_H 1
| #define HAVE_DLFCN_H 1
| #define LT_OBJDIR ".libs/"
| #define HAVE_FCNTL_H 1
| #define HAVE_LIMITS_H 1
| #define HAVE_STDDEF_H 1
| #define HAVE_STDLIB_H 1
| #define HAVE_STRING_H 1
| #define HAVE_SYS_IOCTL_H 1
| #define HAVE_SYSLOG_H 1
| #define HAVE_UNISTD_H 1
| /* end confdefs.h.  */
| #include <stdio.h>
| #ifdef HAVE_SYS_TYPES_H
| # include <sys/types.h>
| #endif
| #ifdef HAVE_SYS_STAT_H
| # include <sys/stat.h>
| #endif
| #ifdef STDC_HEADERS
| # include <stdlib.h>
| # include <stddef.h>
| #else
| # ifdef HAVE_STDLIB_H
| #  include <stdlib.h>
| # endif
| #endif
| #ifdef HAVE_STRING_H
| # if !defined STDC_HEADERS && defined HAVE_MEMORY_H
| #  include <memory.h>
| # endif
| # include <string.h>
| #endif
| #ifdef HAVE_STRINGS_H
| # include <strings.h>
| #endif
| #ifdef HAVE_INTTYPES_H
| # include <inttypes.h>
| #endif
| #ifdef HAVE_STDINT_H
| # include <stdint.h>
| #endif
| #ifdef HAVE_UNISTD_H
| # include <unistd.h>
| #endif
| #include <vfork.h>
configure:12115: result: no
configure:12115: checking vfork.h presence
configure:12115: gcc -E  conftest.c
conftest.c:31:19: fatal error: vfork.h: No such file or directory
compilation terminated.
configure:12115: $? = 1
configure: failed program was:
| /* confdefs.h */
| #define PACKAGE_NAME "apue"
| #define PACKAGE_TARNAME "apue"
| #define PACKAGE_VERSION "1.0"
| #define PACKAGE_STRING "apue 1.0"
| #define PACKAGE_BUGREPORT "MHoggan@esri.com"
| #define PACKAGE_URL ""
| #define PACKAGE "apue"
| #define VERSION "1.0"
| #define STDC_HEADERS 1
| #define HAVE_SYS_TYPES_H 1
| #define HAVE_SYS_STAT_H 1
| #define HAVE_STDLIB_H 1
| #define HAVE_STRING_H 1
| #define HAVE_MEMORY_H 1
| #define HAVE_STRINGS_H 1
| #define HAVE_INTTYPES_H 1
| #define HAVE_STDINT_H 1
| #define HAVE_UNISTD_H 1
| #define HAVE_DLFCN_H 1
| #define LT_OBJDIR ".libs/"
| #define HAVE_FCNTL_H 1
| #define HAVE_LIMITS_H 1
| #define HAVE_STDDEF_H 1
| #define HAVE_STDLIB_H 1
| #define HAVE_STRING_H 1
| #define HAVE_SYS_IOCTL_H 1
| #define HAVE_SYSLOG_H 1
| #define HAVE_UNISTD_H 1
| /* end confdefs.h.  */
| #include <vfork.h>
configure:12115: result: no
configure:12115: checking for vfork.h
configure:12115: result: no
configure:12128: checking for fork
configure:12128: gcc -o conftest -g -O2   conftest.c  >&5
conftest.c:54:6: warning: conflicting types for built-in function 'fork' [enabled by default]
configure:12128: $? = 0
configure:12128: result: yes
configure:12128: checking for vfork
configure:12128: gcc -o conftest -g -O2   conftest.c  >&5
configure:12128: $? = 0
configure:12128: result: yes
configure:12138: checking for working fork
configure:12160: gcc -o conftest -g -O2   conftest.c  >&5
configure:12160: $? = 0
configure:12160: ./conftest
configure:12160: $? = 0
configure:12170: result: yes
configure:12191: checking for working vfork
configure:12301: result: yes
configure:12326: checking whether lstat correctly handles trailing slash
configure:12352: gcc -o conftest -g -O2   conftest.c  >&5
configure:12352: $? = 0
configure:12352: ./conftest
configure:12352: $? = 0
configure:12369: result: yes
configure:12390: checking for stdlib.h
configure:12390: result: yes
configure:12400: checking for GNU libc compatible malloc
configure:12424: gcc -o conftest -g -O2   conftest.c  >&5
configure:12424: $? = 0
configure:12424: ./conftest
configure:12424: $? = 0
configure:12434: result: yes
configure:12458: checking for pathconf
configure:12458: gcc -o conftest -g -O2   conftest.c  >&5
configure:12458: $? = 0
configure:12458: result: yes
configure:12458: checking for strerror
configure:12458: gcc -o conftest -g -O2   conftest.c  >&5
configure:12458: $? = 0
configure:12458: result: yes
configure:12602: creating ./config.status

## ---------------------- ##
## Running config.status. ##
## ---------------------- ##

This file was extended by apue config.status 1.0, which was
generated by GNU Autoconf 2.68.  Invocation command line was

  CONFIG_FILES    = 
  CONFIG_HEADERS  = 
  CONFIG_LINKS    = 
  CONFIG_COMMANDS = 
  $ ./config.status 

on localhost.localdomain

config.status:1106: creating Makefile
config.status:1106: creating src/Makefile
config.status:1106: creating src/libs/Makefile
config.status:1106: creating config.h
config.status:1287: config.h is unchanged
config.status:1335: executing depfiles commands
config.status:1335: executing libtool commands

## ---------------- ##
## Cache variables. ##
## ---------------- ##

ac_cv_build=x86_64-unknown-linux-gnu
ac_cv_c_compiler_gnu=yes
ac_cv_env_CC_set=
ac_cv_env_CC_value=
ac_cv_env_CFLAGS_set=
ac_cv_env_CFLAGS_value=
ac_cv_env_CPPFLAGS_set=
ac_cv_env_CPPFLAGS_value=
ac_cv_env_CPP_set=
ac_cv_env_CPP_value=
ac_cv_env_LDFLAGS_set=
ac_cv_env_LDFLAGS_value=
ac_cv_env_LIBS_set=
ac_cv_env_LIBS_value=
ac_cv_env_build_alias_set=
ac_cv_env_build_alias_value=
ac_cv_env_host_alias_set=
ac_cv_env_host_alias_value=
ac_cv_env_target_alias_set=
ac_cv_env_target_alias_value=
ac_cv_func_fork=yes
ac_cv_func_fork_works=yes
ac_cv_func_lstat_dereferences_slashed_symlink=yes
ac_cv_func_malloc_0_nonnull=yes
ac_cv_func_pathconf=yes
ac_cv_func_strerror=yes
ac_cv_func_vfork=yes
ac_cv_func_vfork_works=yes
ac_cv_header_dlfcn_h=yes
ac_cv_header_fcntl_h=yes
ac_cv_header_inttypes_h=yes
ac_cv_header_limits_h=yes
ac_cv_header_memory_h=yes
ac_cv_header_stdc=yes
ac_cv_header_stddef_h=yes
ac_cv_header_stdint_h=yes
ac_cv_header_stdlib_h=yes
ac_cv_header_string_h=yes
ac_cv_header_strings_h=yes
ac_cv_header_sys_ioctl_h=yes
ac_cv_header_sys_stat_h=yes
ac_cv_header_sys_types_h=yes
ac_cv_header_syslog_h=yes
ac_cv_header_unistd_h=yes
ac_cv_header_vfork_h=no
ac_cv_host=x86_64-unknown-linux-gnu
ac_cv_objext=o
ac_cv_path_EGREP='/bin/grep -E'
ac_cv_path_FGREP='/bin/grep -F'
ac_cv_path_GREP=/bin/grep
ac_cv_path_SED=/bin/sed
ac_cv_path_install='/usr/bin/install -c'
ac_cv_path_mkdir=/bin/mkdir
ac_cv_prog_AWK=gawk
ac_cv_prog_CPP='gcc -E'
ac_cv_prog_ac_ct_AR=ar
ac_cv_prog_ac_ct_CC=gcc
ac_cv_prog_ac_ct_OBJDUMP=objdump
ac_cv_prog_ac_ct_RANLIB=ranlib
ac_cv_prog_ac_ct_STRIP=strip
ac_cv_prog_cc_c89=
ac_cv_prog_cc_g=yes
ac_cv_prog_make_make_set=yes
ac_cv_type_off_t=yes
ac_cv_type_pid_t=yes
ac_cv_type_size_t=yes
ac_cv_type_ssize_t=yes
ac_cv_type_uid_t=yes
am_cv_CC_dependencies_compiler_type=gcc3
lt_cv_ar_at_file=@
lt_cv_archive_cmds_need_lc=no
lt_cv_deplibs_check_method=pass_all
lt_cv_file_magic_cmd='$MAGIC_CMD'
lt_cv_file_magic_test_file=
lt_cv_ld_reload_flag=-r
lt_cv_nm_interface='BSD nm'
lt_cv_objdir=.libs
lt_cv_path_LD=/usr/bin/ld
lt_cv_path_NM='/usr/bin/nm -B'
lt_cv_path_mainfest_tool=no
lt_cv_prog_compiler_c_o=yes
lt_cv_prog_compiler_pic='-fPIC -DPIC'
lt_cv_prog_compiler_pic_works=yes
lt_cv_prog_compiler_rtti_exceptions=no
lt_cv_prog_compiler_static_works=no
lt_cv_prog_gnu_ld=yes
lt_cv_sharedlib_from_linklib_cmd='printf %s\n'
lt_cv_shlibpath_overrides_runpath=no
lt_cv_sys_global_symbol_pipe='sed -n -e '\''s/^.*[	 ]\([ABCDGIRSTW][ABCDGIRSTW]*\)[	 ][	 ]*\([_A-Za-z][_A-Za-z0-9]*\)$/\1 \2 \2/p'\'' | sed '\''/ __gnu_lto/d'\'''
lt_cv_sys_global_symbol_to_c_name_address='sed -n -e '\''s/^: \([^ ]*\)[ ]*$/  {\"\1\", (void *) 0},/p'\'' -e '\''s/^[ABCDGIRSTW]* \([^ ]*\) \([^ ]*\)$/  {"\2", (void *) \&\2},/p'\'''
lt_cv_sys_global_symbol_to_c_name_address_lib_prefix='sed -n -e '\''s/^: \([^ ]*\)[ ]*$/  {\"\1\", (void *) 0},/p'\'' -e '\''s/^[ABCDGIRSTW]* \([^ ]*\) \(lib[^ ]*\)$/  {"\2", (void *) \&\2},/p'\'' -e '\''s/^[ABCDGIRSTW]* \([^ ]*\) \([^ ]*\)$/  {"lib\2", (void *) \&\2},/p'\'''
lt_cv_sys_global_symbol_to_cdecl='sed -n -e '\''s/^T .* \(.*\)$/extern int \1();/p'\'' -e '\''s/^[ABCDGIRSTW]* .* \(.*\)$/extern char \1;/p'\'''
lt_cv_sys_max_cmd_len=1572864
lt_cv_to_host_file_cmd=func_convert_file_noop
lt_cv_to_tool_file_cmd=func_convert_file_noop

## ----------------- ##
## Output variables. ##
## ----------------- ##

ACLOCAL='${SHELL} /home/matt6809/Code/Unix_Programming/missing --run aclocal-1.11'
AMDEPBACKSLASH='\'
AMDEP_FALSE='#'
AMDEP_TRUE=''
AMTAR='${SHELL} /home/matt6809/Code/Unix_Programming/missing --run tar'
AR='ar'
AUTOCONF='${SHELL} /home/matt6809/Code/Unix_Programming/missing --run autoconf'
AUTOHEADER='${SHELL} /home/matt6809/Code/Unix_Programming/missing --run autoheader'
AUTOMAKE='${SHELL} /home/matt6809/Code/Unix_Programming/missing --run automake-1.11'
AWK='gawk'
CC='gcc'
CCDEPMODE='depmode=gcc3'
CFLAGS='-g -O2'
CPP='gcc -E'
CPPFLAGS=''
CYGPATH_W='echo'
DEFS='-DHAVE_CONFIG_H'
DEPDIR='.deps'
DLLTOOL='false'
DSYMUTIL=''
DUMPBIN=''
ECHO_C=''
ECHO_N='-n'
ECHO_T=''
EGREP='/bin/grep -E'
EXEEXT=''
FGREP='/bin/grep -F'
GREP='/bin/grep'
INSTALL_DATA='${INSTALL} -m 644'
INSTALL_PROGRAM='${INSTALL}'
INSTALL_SCRIPT='${INSTALL}'
INSTALL_STRIP_PROGRAM='$(install_sh) -c -s'
LD='/usr/bin/ld -m elf_x86_64'
LDFLAGS=''
LIBOBJS=''
LIBS=''
LIBTOOL='$(SHELL) $(top_builddir)/libtool'
LIPO=''
LN_S='ln -s'
LTLIBOBJS=''
MAKEINFO='${SHELL} /home/matt6809/Code/Unix_Programming/missing --run makeinfo'
MANIFEST_TOOL=':'
MKDIR_P='/bin/mkdir -p'
NM='/usr/bin/nm -B'
NMEDIT=''
OBJDUMP='objdump'
OBJEXT='o'
OTOOL64=''
OTOOL=''
PACKAGE='apue'
PACKAGE_BUGREPORT='MHoggan@esri.com'
PACKAGE_NAME='apue'
PACKAGE_STRING='apue 1.0'
PACKAGE_TARNAME='apue'
PACKAGE_URL=''
PACKAGE_VERSION='1.0'
PATH_SEPARATOR=':'
RANLIB='ranlib'
SED='/bin/sed'
SET_MAKE=''
SHELL='/bin/sh'
STRIP='strip'
VERSION='1.0'
ac_ct_AR='ar'
ac_ct_CC='gcc'
ac_ct_DUMPBIN=''
am__EXEEXT_FALSE=''
am__EXEEXT_TRUE='#'
am__fastdepCC_FALSE='#'
am__fastdepCC_TRUE=''
am__include='include'
am__isrc=''
am__leading_dot='.'
am__quote=''
am__tar='${AMTAR} chof - "$$tardir"'
am__untar='${AMTAR} xf -'
bindir='${exec_prefix}/bin'
build='x86_64-unknown-linux-gnu'
build_alias=''
build_cpu='x86_64'
build_os='linux-gnu'
build_vendor='unknown'
datadir='${datarootdir}'
datarootdir='${prefix}/share'
docdir='${datarootdir}/doc/${PACKAGE_TARNAME}'
dvidir='${docdir}'
exec_prefix='${prefix}'
host='x86_64-unknown-linux-gnu'
host_alias=''
host_cpu='x86_64'
host_os='linux-gnu'
host_vendor='unknown'
htmldir='${docdir}'
includedir='${prefix}/include'
infodir='${datarootdir}/info'
install_sh='${SHELL} /home/matt6809/Code/Unix_Programming/install-sh'
libdir='${exec_prefix}/lib'
libexecdir='${exec_prefix}/libexec'
localedir='${datarootdir}/locale'
localstatedir='${prefix}/var'
mandir='${datarootdir}/man'
mkdir_p='/bin/mkdir -p'
oldincludedir='/usr/include'
pdfdir='${docdir}'
prefix='/usr/local'
program_transform_name='s,x,x,'
psdir='${docdir}'
sbindir='${exec_prefix}/sbin'
sharedstatedir='${prefix}/com'
sysconfdir='${prefix}/etc'
target_alias=''

## ----------- ##
## confdefs.h. ##
## ----------- ##

/* confdefs.h */
#define PACKAGE_NAME "apue"
#define PACKAGE_TARNAME "apue"
#define PACKAGE_VERSION "1.0"
#define PACKAGE_STRING "apue 1.0"
#define PACKAGE_BUGREPORT "MHoggan@esri.com"
#define PACKAGE_URL ""
#define PACKAGE "apue"
#define VERSION "1.0"
#define STDC_HEADERS 1
#define HAVE_SYS_TYPES_H 1
#define HAVE_SYS_STAT_H 1
#define HAVE_STDLIB_H 1
#define HAVE_STRING_H 1
#define HAVE_MEMORY_H 1
#define HAVE_STRINGS_H 1
#define HAVE_INTTYPES_H 1
#define HAVE_STDINT_H 1
#define HAVE_UNISTD_H 1
#define HAVE_DLFCN_H 1
#define LT_OBJDIR ".libs/"
#define HAVE_FCNTL_H 1
#define HAVE_LIMITS_H 1
#define HAVE_STDDEF_H 1
#define HAVE_STDLIB_H 1
#define HAVE_STRING_H 1
#define HAVE_SYS_IOCTL_H 1
#define HAVE_SYSLOG_H 1
#define HAVE_UNISTD_H 1
#define HAVE_FORK 1
#define HAVE_VFORK 1
#define HAVE_WORKING_VFORK 1
#define HAVE_WORKING_FORK 1
#define LSTAT_FOLLOWS_SLASHED_SYMLINK 1
#define HAVE_STDLIB_H 1
#define HAVE_MALLOC 1
#define HAVE_PATHCONF 1
#define HAVE_STRERROR 1

configure: exit 0
