
**** Build of configuration Default for project JNIExample ****

ndk-build all 
Compile thumb  : jniexample <= jniexample.c
SharedLibrary  : libjniexample.so
Install        : libjniexample.so => libs/armeabi/libjniexample.so

**** Build Finished ****

**** Build of configuration Default for project JNIExample ****

ndk-build all 
Install        : libjniexample.so => libs/armeabi/libjniexample.so

**** Build Finished ****

**** Build of configuration Default for project JNIExample ****

ndk-build all 
Install        : libjniexample.so => libs/armeabi/libjniexample.so

**** Build Finished ****

**** Build of configuration Default for project JNIExample ****

ndk-build all 
Install        : libjniexample.so => libs/armeabi/libjniexample.so

**** Build Finished ****

**** Build of configuration Default for project JNIExample ****

ndk-build all 
Install        : libjniexample.so => libs/armeabi/libjniexample.so

**** Build Finished ****
